生成启动时间为 2016/9/25 17:18:57。
     1>项目“E:\我的工程\算法\HelloOpenCv\HelloOpenCv\HelloOpenCv.vcxproj”在节点 2 上(Build 个目标)。
     1>ClCompile:
         D:\vs\VC\bin\CL.exe /c /Zi /nologo /W3 /WX- /sdl /O2 /Oi /Oy- /GL /D WIN32 /D NDEBUG /D _CONSOLE /D _CRT_SECURE_NO_WARNINGS /D _UNICODE /D UNICODE /Gm- /EHsc /MD /GS /Gy /fp:precise /Zc:wchar_t /Zc:forScope /Zc:inline /Fo"Release\\" /Fd"Release\vc140.pdb" /Gd /TP /analyze- /errorReport:prompt saveVideo.cpp
         saveVideo.cpp
       Link:
         D:\vs\VC\bin\link.exe /ERRORREPORT:PROMPT /OUT:"E:\我的工程\算法\HelloOpenCv\Release\HelloOpenCv.exe" /INCREMENTAL:NO /NOLOGO opencv_ml2413.lib opencv_calib3d2413.lib opencv_contrib2413.lib opencv_core2413.lib opencv_features2d2413.lib opencv_flann2413.lib opencv_gpu2413.lib opencv_highgui2413.lib opencv_imgproc2413.lib opencv_legacy2413.lib opencv_objdetect2413.lib opencv_ts2413.lib opencv_video2413.lib opencv_nonfree2413.lib opencv_ocl2413.lib opencv_photo2413.lib opencv_stitching2413.lib opencv_superres2413.lib opencv_videostab2413.lib kernel32.lib user32.lib gdi32.lib winspool.lib comdlg32.lib advapi32.lib shell32.lib ole32.lib oleaut32.lib uuid.lib odbc32.lib odbccp32.lib /MANIFEST /MANIFESTUAC:"level='asInvoker' uiAccess='false'" /manifest:embed /Debug /PDB:"E:\我的工程\算法\HelloOpenCv\Release\HelloOpenCv.pdb" /SUBSYSTEM:CONSOLE /OPT:REF /OPT:ICF /LTCG:incremental /TLBID:1 /DYNAMICBASE /NXCOMPAT /IMPLIB:"E:\我的工程\算法\HelloOpenCv\Release\HelloOpenCv.lib" /MACHINE:X86 /SAFESEH Release\cvmat.obj
         Release\invertImage.obj
         Release\laplace.obj
         Release\saveVideo.obj
         "Release\源.obj"
         正在生成代码
         2 of 185 functions ( 1.1%) were compiled, the rest were copied from previous compilation.
           1 functions were new in current compilation
           0 functions had inline decision re-evaluated but remain unchanged
         已完成代码的生成
         HelloOpenCv.vcxproj -> E:\我的工程\算法\HelloOpenCv\Release\HelloOpenCv.exe
     1>已完成生成项目“E:\我的工程\算法\HelloOpenCv\HelloOpenCv\HelloOpenCv.vcxproj”(Build 个目标)的操作。

已成功生成。

已用时间 00:00:03.23
